<?xml version="1.0" encoding="UTF-8"?>
<testng-results ignored="0" total="1" passed="1" failed="0" skipped="0">
  <reporter-output>
  </reporter-output>
  <suite started-at="2025-01-23T08:20:36 EST" name="Default suite" finished-at="2025-01-23T08:20:45 EST" duration-ms="8602">
    <groups>
    </groups>
    <test started-at="2025-01-23T08:20:36 EST" name="Default test" finished-at="2025-01-23T08:20:45 EST" duration-ms="8602">
      <class name="salesforce.crm.qa.testcases.LoginPageTest">
        <test-method is-config="true" signature="setup()[pri:0, instance:salesforce.crm.qa.testcases.LoginPageTest@478190fc]" started-at="2025-01-23T08:20:37 EST" name="setup" finished-at="2025-01-23T08:20:39 EST" duration-ms="2630" status="PASS">
          <reporter-output>
          </reporter-output>
        </test-method> <!-- setup -->
        <test-method signature="login()[pri:1, instance:salesforce.crm.qa.testcases.LoginPageTest@478190fc]" started-at="2025-01-23T08:20:39 EST" name="login" finished-at="2025-01-23T08:20:45 EST" duration-ms="5937" status="PASS">
          <reporter-output>
          </reporter-output>
        </test-method> <!-- login -->
        <test-method is-config="true" signature="teardown()[pri:0, instance:salesforce.crm.qa.testcases.LoginPageTest@478190fc]" started-at="2025-01-23T08:20:45 EST" name="teardown" finished-at="2025-01-23T08:20:45 EST" duration-ms="1" status="PASS">
          <reporter-output>
          </reporter-output>
        </test-method> <!-- teardown -->
      </class> <!-- salesforce.crm.qa.testcases.LoginPageTest -->
    </test> <!-- Default test -->
  </suite> <!-- Default suite -->
</testng-results>
